мар 11, 2021 9:07:01 PM server.MyServer waitAndProcessNewClientConnection
SEVERE: Ожидание нового подключения....
мар 11, 2021 9:22:31 PM server.Handler.ClientHandler authentication
SEVERE: Некорректные логин или пароль!
мар 11, 2021 9:22:46 PM server.Handler.ClientHandler authentication
SEVERE: Некорректные логин или пароль!
мар 11, 2021 9:23:12 PM server.Handler.ClientHandler authentication
SEVERE: Такой ник уже есть!!
мар 11, 2021 9:23:23 PM server.Handler.ClientHandler authentication
SEVERE: Логин или пароль некорркетны!
мар 11, 2021 9:23:26 PM server.Handler.ClientHandler authentication
SEVERE: Логин или пароль некорркетны!
мар 11, 2021 9:23:28 PM server.Handler.ClientHandler authentication
SEVERE: Такой ник уже есть!!
мар 11, 2021 9:23:35 PM server.Handler.ClientHandler authentication
SEVERE: Логин или пароль некорркетны!
мар 11, 2021 9:23:40 PM server.Handler.ClientHandler authentication
SEVERE: Логин или пароль некорркетны!
мар 11, 2021 9:23:42 PM server.Handler.ClientHandler authentication
SEVERE: Такой ник уже есть!!
мар 11, 2021 9:23:48 PM server.Handler.ClientHandler authentication
SEVERE: Некорректные логин или пароль!
мар 11, 2021 9:23:50 PM server.Handler.ClientHandler authentication
SEVERE: Некорректные логин или пароль!
мар 11, 2021 9:25:43 PM server.Handler.ClientHandler authentication
SEVERE: Некорректные логин или пароль!
мар 11, 2021 9:28:12 PM server.Handler.ClientHandler authentication
SEVERE: Некорректные логин или пароль!
мар 11, 2021 9:29:20 PM server.Handler.ClientHandler authentication
SEVERE: Некорректные логин или пароль!
мар 11, 2021 9:30:07 PM server.Handler.ClientHandler authentication
SEVERE: Некорректные логин или пароль!
мар 11, 2021 9:54:18 PM server.Handler.ClientHandler authentication
SEVERE: Некорректные логин или пароль!
мар 11, 2021 9:54:27 PM server.Handler.ClientHandler authentication
SEVERE: Некорректные логин или пароль!
мар 11, 2021 9:56:02 PM server.Handler.ClientHandler authentication
SEVERE: Пользователь 'Andrey' зашел в чат!
мар 11, 2021 9:56:30 PM server.Handler.ClientHandler authentication
SEVERE: Пользователь 'Andrey' зашел в чат!
мар 11, 2021 9:58:54 PM server.Handler.ClientHandler authentication
SEVERE: Пользователь 'Andrey' зашел в чат!
мар 11, 2021 10:05:39 PM server.Handler.ClientHandler authentication
SEVERE: Пользователь 'Andrey' зашел в чат!
мар 11, 2021 10:06:28 PM server.Handler.ClientHandler authentication
SEVERE: Пользователь 'Andrey' зашел в чат!
